#
# There is insufficient memory for the Java Runtime Environment to continue.
# Native memory allocation (malloc) failed to allocate 32744 bytes for ChunkPool::allocate
# Possible reasons:
#   The system is out of physical RAM or swap space
#   The process is running with CompressedOops enabled, and the Java Heap may be blocking the growth of the native heap
# Possible solutions:
#   Reduce memory load on the system
#   Increase physical memory or swap space
#   Check if swap backing store is full
#   Decrease Java heap size (-Xmx/-Xms)
#   Decrease number of Java threads
#   Decrease Java thread stack sizes (-Xss)
#   Set larger code cache with -XX:ReservedCodeCacheSize=
#   JVM is running with Zero Based Compressed Oops mode in which the Java heap is
#     placed in the first 32GB address space. The Java Heap base address is the
#     maximum limit for the native heap growth. Please use -XX:HeapBaseMinAddress
#     to set the Java Heap base and to place the Java Heap above 32GB virtual address.
# This output file may be truncated or incomplete.
#
#  Out of Memory Error (./src/hotspot/share/memory/arena.cpp:81), pid=12276, tid=117772
#
# JRE version: OpenJDK Runtime Environment (11.0.10) (build 11.0.10+0-b96-7249189)
# Java VM: OpenJDK 64-Bit Server VM (11.0.10+0-b96-7249189, mixed mode, tiered, compressed oops, g1 gc, windows-amd64)
# No core dump will be written. Minidumps are not enabled by default on client versions of Windows
#

---------------  S U M M A R Y ------------

Command Line: org.jetbrains.kotlin.cli.jvm.K2JVMCompiler @C:\Users\a84203565\AndroidStudioProjects\VoiceChanger\app\build\20220222_15125377749816487897.compiler.options

Host: Intel(R) Core(TM) i7-8565U CPU @ 1.80GHz, 8 cores, 15G,  Windows 10 , 64 bit Build 18362 (10.0.18362.1110)
Time: Tue Feb 22 05:01:36 2022 Turkey Standard Time elapsed time: 1.876747 seconds (0d 0h 0m 1s)

---------------  T H R E A D  ---------------

Current thread (0x000001027f8e1000):  JavaThread "C2 CompilerThread1" daemon [_thread_in_native, id=117772, stack(0x0000000101700000,0x0000000101800000)]


Current CompileTask:
C2:   1876 2216       4       java.util.zip.ZipFile$Source::getEntryPos (206 bytes)

Stack: [0x0000000101700000,0x0000000101800000]
Native frames: (J=compiled Java code, j=interpreted, Vv=VM code, C=native code)
V  [jvm.dll+0x5ecfaa]
V  [jvm.dll+0x722bd5]
V  [jvm.dll+0x72412d]
V  [jvm.dll+0x7247e3]
V  [jvm.dll+0x242928]
V  [jvm.dll+0xbc75b]
V  [jvm.dll+0xbca0c]
V  [jvm.dll+0x358676]
V  [jvm.dll+0x357ef1]
V  [jvm.dll+0x357f34]
V  [jvm.dll+0x19aefd]
V  [jvm.dll+0x4ea01c]
V  [jvm.dll+0x4ea6e6]
V  [jvm.dll+0x197c8c]
V  [jvm.dll+0x1fb70e]
V  [jvm.dll+0x1fa7f4]
V  [jvm.dll+0x18354c]
V  [jvm.dll+0x208ee7]
V  [jvm.dll+0x207731]
V  [jvm.dll+0x6eb1cf]
V  [jvm.dll+0x6e3d45]
V  [jvm.dll+0x5ebe96]
C  [ucrtbase.dll+0x210b2]
C  [KERNEL32.DLL+0x17c24]
C  [ntdll.dll+0x6cea1]


---------------  P R O C E S S  ---------------

Threads class SMR info:
_java_thread_list=0x000001027f8dcd20, length=12, elements={
0x0000010278cf8000, 0x000001027ee59800, 0x000001027ee5b000, 0x000001027f71b000,
0x000001027f71e000, 0x000001027f71f800, 0x000001027f723000, 0x000001027f724000,
0x000001027f769800, 0x000001027f8e7800, 0x000001027f8e1000, 0x000001027f8e0000
}

Java Threads: ( => current thread )
  0x0000010278cf8000 JavaThread "main" [_thread_in_vm, id=11800, stack(0x0000000100600000,0x0000000100700000)]
  0x000001027ee59800 JavaThread "Reference Handler" daemon [_thread_blocked, id=109884, stack(0x0000000100d00000,0x0000000100e00000)]
  0x000001027ee5b000 JavaThread "Finalizer" daemon [_thread_blocked, id=96868, stack(0x0000000100e00000,0x0000000100f00000)]
  0x000001027f71b000 JavaThread "Signal Dispatcher" daemon [_thread_blocked, id=128548, stack(0x0000000100f00000,0x0000000101000000)]
  0x000001027f71e000 JavaThread "Attach Listener" daemon [_thread_blocked, id=101120, stack(0x0000000101000000,0x0000000101100000)]
  0x000001027f71f800 JavaThread "Service Thread" daemon [_thread_blocked, id=109436, stack(0x0000000101100000,0x0000000101200000)]
  0x000001027f723000 JavaThread "C2 CompilerThread0" daemon [_thread_in_native, id=125752, stack(0x0000000101200000,0x0000000101300000)]
  0x000001027f724000 JavaThread "C1 CompilerThread0" daemon [_thread_blocked, id=105068, stack(0x0000000101300000,0x0000000101400000)]
  0x000001027f769800 JavaThread "Sweeper thread" daemon [_thread_blocked, id=122788, stack(0x0000000101400000,0x0000000101500000)]
  0x000001027f8e7800 JavaThread "Common-Cleaner" daemon [_thread_blocked, id=137176, stack(0x0000000101600000,0x0000000101700000)]
=>0x000001027f8e1000 JavaThread "C2 CompilerThread1" daemon [_thread_in_native, id=117772, stack(0x0000000101700000,0x0000000101800000)]
  0x000001027f8e0000 JavaThread "C2 CompilerThread2" daemon [_thread_blocked, id=86888, stack(0x0000000101800000,0x0000000101900000)]

Other Threads:
  0x000001027ee55800 VMThread "VM Thread" [stack: 0x0000000100c00000,0x0000000100d00000] [id=137224]
  0x000001027f8df000 WatcherThread [stack: 0x0000000101500000,0x0000000101600000] [id=120940]
  0x0000010278d0f000 GCTaskThread "GC Thread#0" [stack: 0x0000000100700000,0x0000000100800000] [id=121772]
  0x00000102192e2000 GCTaskThread "GC Thread#1" [stack: 0x0000000101900000,0x0000000101a00000] [id=139116]
  0x00000102192d6000 GCTaskThread "GC Thread#2" [stack: 0x0000000101a00000,0x0000000101b00000] [id=122008]
  0x00000102192d6800 GCTaskThread "GC Thread#3" [stack: 0x0000000101b00000,0x0000000101c00000] [id=130304]
  0x00000102192d9800 GCTaskThread "GC Thread#4" [stack: 0x0000000101c00000,0x0000000101d00000] [id=117556]
  0x00000102192da000 GCTaskThread "GC Thread#5" [stack: 0x0000000101d00000,0x0000000101e00000] [id=89728]
  0x0000010278d6d800 ConcurrentGCThread "G1 Main Marker" [stack: 0x0000000100800000,0x0000000100900000] [id=34160]
  0x0000010278d70000 ConcurrentGCThread "G1 Conc#0" [stack: 0x0000000100900000,0x0000000100a00000] [id=133168]
  0x00000102193f7800 ConcurrentGCThread "G1 Conc#1" [stack: 0x0000000101e00000,0x0000000101f00000] [id=92012]
  0x000001027ed2d800 ConcurrentGCThread "G1 Refine#0" [stack: 0x0000000100a00000,0x0000000100b00000] [id=117208]
  0x000001027ed2e800 ConcurrentGCThread "G1 Young RemSet Sampling" [stack: 0x0000000100b00000,0x0000000100c00000] [id=118596]

Threads with active compile tasks:
C2 CompilerThread0   1892 2215   !   4       java.net.URL::<init> (543 bytes)
C2 CompilerThread1   1892 2216       4       java.util.zip.ZipFile$Source::getEntryPos (206 bytes)

VM state:not at safepoint (normal execution)

VM Mutex/Monitor currently owned by a thread: None

Heap address: 0x0000000703800000, size: 4040 MB, Compressed Oops mode: Zero based, Oop shift amount: 3
Narrow klass base: 0x0000000800000000, Narrow klass shift: 0
Compressed class space size: 1073741824 Address: 0x0000000800000000

Heap:
 garbage-first heap   total 260096K, used 69956K [0x0000000703800000, 0x0000000800000000)
  region size 1024K, 55 young (56320K), 7 survivors (7168K)
 Metaspace       used 31600K, capacity 31979K, committed 32128K, reserved 1077248K
  class space    used 3937K, capacity 4113K, committed 4224K, reserved 1048576K
Heap Regions: E=young(eden), S=young(survivor), O=old, HS=humongous(starts), HC=humongous(continues), CS=collection set, F=free, A=archive, TAMS=top-at-mark-start (previous, next)
|   0|0x0000000703800000, 0x0000000703900000, 0x0000000703900000|100%|HS|  |TAMS 0x0000000703900000, 0x0000000703800000| Complete 
|   1|0x0000000703900000, 0x0000000703a00000, 0x0000000703a00000|100%|HC|  |TAMS 0x0000000703a00000, 0x0000000703900000| Complete 
|   2|0x0000000703a00000, 0x0000000703b00000, 0x0000000703b00000|100%|HC|  |TAMS 0x0000000703b00000, 0x0000000703a00000| Complete 
|   3|0x0000000703b00000, 0x0000000703c00000, 0x0000000703c00000|100%|HS|  |TAMS 0x0000000703b00000, 0x0000000703b00000| Complete 
|   4|0x0000000703c00000, 0x0000000703d00000, 0x0000000703d00000|100%|HC|  |TAMS 0x0000000703c00000, 0x0000000703c00000| Complete 
|   5|0x0000000703d00000, 0x0000000703e00000, 0x0000000703e00000|100%|HC|  |TAMS 0x0000000703d00000, 0x0000000703d00000| Complete 
|   6|0x0000000703e00000, 0x0000000703f00000, 0x0000000703f00000|100%|HS|  |TAMS 0x0000000703e00000, 0x0000000703e00000| Complete 
|   7|0x0000000703f00000, 0x0000000704000000, 0x0000000704000000|100%|HC|  |TAMS 0x0000000703f00000, 0x0000000703f00000| Complete 
|   8|0x0000000704000000, 0x0000000704100000, 0x0000000704100000|100%|HC|  |TAMS 0x0000000704000000, 0x0000000704000000| Complete 
|   9|0x0000000704100000, 0x0000000704200000, 0x0000000704200000|100%|HS|  |TAMS 0x0000000704100000, 0x0000000704100000| Complete 
|  10|0x0000000704200000, 0x0000000704300000, 0x0000000704300000|100%|HC|  |TAMS 0x0000000704200000, 0x0000000704200000| Complete 
|  11|0x0000000704300000, 0x0000000704400000, 0x0000000704400000|100%|HS|  |TAMS 0x0000000704300000, 0x0000000704300000| Complete 
|  12|0x0000000704400000, 0x0000000704500000, 0x0000000704500000|100%|HC|  |TAMS 0x0000000704400000, 0x0000000704400000| Complete 
|  13|0x0000000704500000, 0x0000000704600000, 0x0000000704600000|100%|HS|  |TAMS 0x0000000704500000, 0x0000000704500000| Complete 
|  14|0x0000000704600000, 0x0000000704700000, 0x0000000704700000|100%|HC|  |TAMS 0x0000000704600000, 0x0000000704600000| Complete 
|  15|0x0000000704700000, 0x0000000704700000, 0x0000000704800000|  0%| F|  |TAMS 0x0000000704700000, 0x0000000704700000| Untracked 
|  16|0x0000000704800000, 0x0000000704800000, 0x0000000704900000|  0%| F|  |TAMS 0x0000000704800000, 0x0000000704800000| Untracked 
|  17|0x0000000704900000, 0x0000000704900000, 0x0000000704a00000|  0%| F|  |TAMS 0x0000000704900000, 0x0000000704900000| Untracked 
|  18|0x0000000704a00000, 0x0000000704a00000, 0x0000000704b00000|  0%| F|  |TAMS 0x0000000704a00000, 0x0000000704a00000| Untracked 
|  19|0x0000000704b00000, 0x0000000704b00000, 0x0000000704c00000|  0%| F|  |TAMS 0x0000000704b00000, 0x0000000704b00000| Untracked 
|  20|0x0000000704c00000, 0x0000000704c00000, 0x0000000704d00000|  0%| F|  |TAMS 0x0000000704c00000, 0x0000000704c00000| Untracked 
|  21|0x0000000704d00000, 0x0000000704d00000, 0x0000000704e00000|  0%| F|  |TAMS 0x0000000704d00000, 0x0000000704d00000| Untracked 
|  22|0x0000000704e00000, 0x0000000704e00000, 0x0000000704f00000|  0%| F|  |TAMS 0x0000000704e00000, 0x0000000704e00000| Untracked 
|  23|0x0000000704f00000, 0x0000000704f00000, 0x0000000705000000|  0%| F|  |TAMS 0x0000000704f00000, 0x0000000704f00000| Untracked 
|  24|0x0000000705000000, 0x0000000705000000, 0x0000000705100000|  0%| F|  |TAMS 0x0000000705000000, 0x0000000705000000| Untracked 
|  25|0x0000000705100000, 0x0000000705100000, 0x0000000705200000|  0%| F|  |TAMS 0x0000000705100000, 0x0000000705100000| Untracked 
|  26|0x0000000705200000, 0x0000000705200000, 0x0000000705300000|  0%| F|  |TAMS 0x0000000705200000, 0x0000000705200000| Untracked 
|  27|0x0000000705300000, 0x0000000705300000, 0x0000000705400000|  0%| F|  |TAMS 0x0000000705300000, 0x0000000705300000| Untracked 
|  28|0x0000000705400000, 0x0000000705400000, 0x0000000705500000|  0%| F|  |TAMS 0x0000000705400000, 0x0000000705400000| Untracked 
|  29|0x0000000705500000, 0x0000000705500000, 0x0000000705600000|  0%| F|  |TAMS 0x0000000705500000, 0x0000000705500000| Untracked 
|  30|0x0000000705600000, 0x0000000705600000, 0x0000000705700000|  0%| F|  |TAMS 0x0000000705600000, 0x0000000705600000| Untracked 
|  31|0x0000000705700000, 0x0000000705700000, 0x0000000705800000|  0%| F|  |TAMS 0x0000000705700000, 0x0000000705700000| Untracked 
|  32|0x0000000705800000, 0x0000000705800000, 0x0000000705900000|  0%| F|  |TAMS 0x0000000705800000, 0x0000000705800000| Untracked 
|  33|0x0000000705900000, 0x0000000705900000, 0x0000000705a00000|  0%| F|  |TAMS 0x0000000705900000, 0x0000000705900000| Untracked 
|  34|0x0000000705a00000, 0x0000000705a00000, 0x0000000705b00000|  0%| F|  |TAMS 0x0000000705a00000, 0x0000000705a00000| Untracked 
|  35|0x0000000705b00000, 0x0000000705b00000, 0x0000000705c00000|  0%| F|  |TAMS 0x0000000705b00000, 0x0000000705b00000| Untracked 
|  36|0x0000000705c00000, 0x0000000705c00000, 0x0000000705d00000|  0%| F|  |TAMS 0x0000000705c00000, 0x0000000705c00000| Untracked 
|  37|0x0000000705d00000, 0x0000000705d00000, 0x0000000705e00000|  0%| F|  |TAMS 0x0000000705d00000, 0x0000000705d00000| Untracked 
|  38|0x0000000705e00000, 0x0000000705e00000, 0x0000000705f00000|  0%| F|  |TAMS 0x0000000705e00000, 0x0000000705e00000| Untracked 
|  39|0x0000000705f00000, 0x0000000705f00000, 0x0000000706000000|  0%| F|  |TAMS 0x0000000705f00000, 0x0000000705f00000| Untracked 
|  40|0x0000000706000000, 0x0000000706000000, 0x0000000706100000|  0%| F|  |TAMS 0x0000000706000000, 0x0000000706000000| Untracked 
|  41|0x0000000706100000, 0x0000000706100000, 0x0000000706200000|  0%| F|  |TAMS 0x0000000706100000, 0x0000000706100000| Untracked 
|  42|0x0000000706200000, 0x0000000706200000, 0x0000000706300000|  0%| F|  |TAMS 0x0000000706200000, 0x0000000706200000| Untracked 
|  43|0x0000000706300000, 0x0000000706300000, 0x0000000706400000|  0%| F|  |TAMS 0x0000000706300000, 0x0000000706300000| Untracked 
|  44|0x0000000706400000, 0x0000000706400000, 0x0000000706500000|  0%| F|  |TAMS 0x0000000706400000, 0x0000000706400000| Untracked 
|  45|0x0000000706500000, 0x0000000706500000, 0x0000000706600000|  0%| F|  |TAMS 0x0000000706500000, 0x0000000706500000| Untracked 
|  46|0x0000000706600000, 0x0000000706600000, 0x0000000706700000|  0%| F|  |TAMS 0x0000000706600000, 0x0000000706600000| Untracked 
|  47|0x0000000706700000, 0x0000000706700000, 0x0000000706800000|  0%| F|  |TAMS 0x0000000706700000, 0x0000000706700000| Untracked 
|  48|0x0000000706800000, 0x0000000706800000, 0x0000000706900000|  0%| F|  |TAMS 0x0000000706800000, 0x0000000706800000| Untracked 
|  49|0x0000000706900000, 0x0000000706900000, 0x0000000706a00000|  0%| F|  |TAMS 0x0000000706900000, 0x0000000706900000| Untracked 
|  50|0x0000000706a00000, 0x0000000706a00000, 0x0000000706b00000|  0%| F|  |TAMS 0x0000000706a00000, 0x0000000706a00000| Untracked 
|  51|0x0000000706b00000, 0x0000000706b00000, 0x0000000706c00000|  0%| F|  |TAMS 0x0000000706b00000, 0x0000000706b00000| Untracked 
|  52|0x0000000706c00000, 0x0000000706c00000, 0x0000000706d00000|  0%| F|  |TAMS 0x0000000706c00000, 0x0000000706c00000| Untracked 
|  53|0x0000000706d00000, 0x0000000706d00000, 0x0000000706e00000|  0%| F|  |TAMS 0x0000000706d00000, 0x0000000706d00000| Untracked 
|  54|0x0000000706e00000, 0x0000000706e00000, 0x0000000706f00000|  0%| F|  |TAMS 0x0000000706e00000, 0x0000000706e00000| Untracked 
|  55|0x0000000706f00000, 0x0000000706f00000, 0x0000000707000000|  0%| F|  |TAMS 0x0000000706f00000, 0x0000000706f00000| Untracked 
|  56|0x0000000707000000, 0x0000000707000000, 0x0000000707100000|  0%| F|  |TAMS 0x0000000707000000, 0x0000000707000000| Untracked 
|  57|0x0000000707100000, 0x0000000707100000, 0x0000000707200000|  0%| F|  |TAMS 0x0000000707100000, 0x0000000707100000| Untracked 
|  58|0x0000000707200000, 0x0000000707200000, 0x0000000707300000|  0%| F|  |TAMS 0x0000000707200000, 0x0000000707200000| Untracked 
|  59|0x0000000707300000, 0x0000000707300000, 0x0000000707400000|  0%| F|  |TAMS 0x0000000707300000, 0x0000000707300000| Untracked 
|  60|0x0000000707400000, 0x0000000707400000, 0x0000000707500000|  0%| F|  |TAMS 0x0000000707400000, 0x0000000707400000| Untracked 
|  61|0x0000000707500000, 0x0000000707500000, 0x0000000707600000|  0%| F|  |TAMS 0x0000000707500000, 0x0000000707500000| Untracked 
|  62|0x0000000707600000, 0x0000000707600000, 0x0000000707700000|  0%| F|  |TAMS 0x0000000707600000, 0x0000000707600000| Untracked 
|  63|0x0000000707700000, 0x0000000707700000, 0x0000000707800000|  0%| F|  |TAMS 0x0000000707700000, 0x0000000707700000| Untracked 
|  64|0x0000000707800000, 0x0000000707800000, 0x0000000707900000|  0%| F|  |TAMS 0x0000000707800000, 0x0000000707800000| Untracked 
|  65|0x0000000707900000, 0x0000000707900000, 0x0000000707a00000|  0%| F|  |TAMS 0x0000000707900000, 0x0000000707900000| Untracked 
|  66|0x0000000707a00000, 0x0000000707a00000, 0x0000000707b00000|  0%| F|  |TAMS 0x0000000707a00000, 0x0000000707a00000| Untracked 
|  67|0x0000000707b00000, 0x0000000707b00000, 0x0000000707c00000|  0%| F|  |TAMS 0x0000000707b00000, 0x0000000707b00000| Untracked 
|  68|0x0000000707c00000, 0x0000000707c00000, 0x0000000707d00000|  0%| F|  |TAMS 0x0000000707c00000, 0x0000000707c00000| Untracked 
|  69|0x0000000707d00000, 0x0000000707d00000, 0x0000000707e00000|  0%| F|  |TAMS 0x0000000707d00000, 0x0000000707d00000| Untracked 
|  70|0x0000000707e00000, 0x0000000707e00000, 0x0000000707f00000|  0%| F|  |TAMS 0x0000000707e00000, 0x0000000707e00000| Untracked 
|  71|0x0000000707f00000, 0x0000000707f00000, 0x0000000708000000|  0%| F|  |TAMS 0x0000000707f00000, 0x0000000707f00000| Untracked 
|  72|0x0000000708000000, 0x0000000708000000, 0x0000000708100000|  0%| F|  |TAMS 0x0000000708000000, 0x0000000708000000| Untracked 
|  73|0x0000000708100000, 0x0000000708100000, 0x0000000708200000|  0%| F|  |TAMS 0x0000000708100000, 0x0000000708100000| Untracked 
|  74|0x0000000708200000, 0x0000000708200000, 0x0000000708300000|  0%| F|  |TAMS 0x0000000708200000, 0x0000000708200000| Untracked 
|  75|0x0000000708300000, 0x0000000708300000, 0x0000000708400000|  0%| F|  |TAMS 0x0000000708300000, 0x0000000708300000| Untracked 
|  76|0x0000000708400000, 0x0000000708400000, 0x0000000708500000|  0%| F|  |TAMS 0x0000000708400000, 0x0000000708400000| Untracked 
|  77|0x0000000708500000, 0x0000000708500000, 0x0000000708600000|  0%| F|  |TAMS 0x0000000708500000, 0x0000000708500000| Untracked 
|  78|0x0000000708600000, 0x0000000708600000, 0x0000000708700000|  0%| F|  |TAMS 0x0000000708600000, 0x0000000708600000| Untracked 
|  79|0x0000000708700000, 0x0000000708700000, 0x0000000708800000|  0%| F|  |TAMS 0x0000000708700000, 0x0000000708700000| Untracked 
|  80|0x0000000708800000, 0x0000000708800000, 0x0000000708900000|  0%| F|  |TAMS 0x0000000708800000, 0x0000000708800000| Untracked 
|  81|0x0000000708900000, 0x0000000708900000, 0x0000000708a00000|  0%| F|  |TAMS 0x0000000708900000, 0x0000000708900000| Untracked 
|  82|0x0000000708a00000, 0x0000000708a00000, 0x0000000708b00000|  0%| F|  |TAMS 0x0000000708a00000, 0x0000000708a00000| Untracked 
|  83|0x0000000708b00000, 0x0000000708b00000, 0x0000000708c00000|  0%| F|  |TAMS 0x0000000708b00000, 0x0000000708b00000| Untracked 
|  84|0x0000000708c00000, 0x0000000708c00000, 0x0000000708d00000|  0%| F|  |TAMS 0x0000000708c00000, 0x0000000708c00000| Untracked 
|  85|0x0000000708d00000, 0x0000000708d00000, 0x0000000708e00000|  0%| F|  |TAMS 0x0000000708d00000, 0x0000000708d00000| Untracked 
|  86|0x0000000708e00000, 0x0000000708e00000, 0x0000000708f00000|  0%| F|  |TAMS 0x0000000708e00000, 0x0000000708e00000| Untracked 
|  87|0x0000000708f00000, 0x0000000708f00000, 0x0000000709000000|  0%| F|  |TAMS 0x0000000708f00000, 0x0000000708f00000| Untracked 
|  88|0x0000000709000000, 0x0000000709000000, 0x0000000709100000|  0%| F|  |TAMS 0x0000000709000000, 0x0000000709000000| Untracked 
|  89|0x0000000709100000, 0x0000000709100000, 0x0000000709200000|  0%| F|  |TAMS 0x0000000709100000, 0x0000000709100000| Untracked 
|  90|0x0000000709200000, 0x0000000709200000, 0x0000000709300000|  0%| F|  |TAMS 0x0000000709200000, 0x0000000709200000| Untracked 
|  91|0x0000000709300000, 0x0000000709300000, 0x0000000709400000|  0%| F|  |TAMS 0x0000000709300000, 0x0000000709300000| Untracked 
|  92|0x0000000709400000, 0x0000000709400000, 0x0000000709500000|  0%| F|  |TAMS 0x0000000709400000, 0x0000000709400000| Untracked 
|  93|0x0000000709500000, 0x0000000709500000, 0x0000000709600000|  0%| F|  |TAMS 0x0000000709500000, 0x0000000709500000| Untracked 
|  94|0x0000000709600000, 0x0000000709600000, 0x0000000709700000|  0%| F|  |TAMS 0x0000000709600000, 0x0000000709600000| Untracked 
|  95|0x0000000709700000, 0x0000000709700000, 0x0000000709800000|  0%| F|  |TAMS 0x0000000709700000, 0x0000000709700000| Untracked 
|  96|0x0000000709800000, 0x0000000709800000, 0x0000000709900000|  0%| F|  |TAMS 0x0000000709800000, 0x0000000709800000| Untracked 
|  97|0x0000000709900000, 0x0000000709900000, 0x0000000709a00000|  0%| F|  |TAMS 0x0000000709900000, 0x0000000709900000| Untracked 
|  98|0x0000000709a00000, 0x0000000709a00000, 0x0000000709b00000|  0%| F|  |TAMS 0x0000000709a00000, 0x0000000709a00000| Untracked 
|  99|0x0000000709b00000, 0x0000000709b00000, 0x0000000709c00000|  0%| F|  |TAMS 0x0000000709b00000, 0x0000000709b00000| Untracked 
| 100|0x0000000709c00000, 0x0000000709c00000, 0x0000000709d00000|  0%| F|  |TAMS 0x0000000709c00000, 0x0000000709c00000| Untracked 
| 101|0x0000000709d00000, 0x0000000709d00000, 0x0000000709e00000|  0%| F|  |TAMS 0x0000000709d00000, 0x0000000709d00000| Untracked 
| 102|0x0000000709e00000, 0x0000000709e00000, 0x0000000709f00000|  0%| F|  |TAMS 0x0000000709e00000, 0x0000000709e00000| Untracked 
| 103|0x0000000709f00000, 0x0000000709f00000, 0x000000070a000000|  0%| F|  |TAMS 0x0000000709f00000, 0x0000000709f00000| Untracked 
| 104|0x000000070a000000, 0x000000070a000000, 0x000000070a100000|  0%| F|  |TAMS 0x000000070a000000, 0x000000070a000000| Untracked 
| 105|0x000000070a100000, 0x000000070a100000, 0x000000070a200000|  0%| F|  |TAMS 0x000000070a100000, 0x000000070a100000| Untracked 
| 106|0x000000070a200000, 0x000000070a200000, 0x000000070a300000|  0%| F|  |TAMS 0x000000070a200000, 0x000000070a200000| Untracked 
| 107|0x000000070a300000, 0x000000070a300000, 0x000000070a400000|  0%| F|  |TAMS 0x000000070a300000, 0x000000070a300000| Untracked 
| 108|0x000000070a400000, 0x000000070a400000, 0x000000070a500000|  0%| F|  |TAMS 0x000000070a400000, 0x000000070a400000| Untracked 
| 109|0x000000070a500000, 0x000000070a500000, 0x000000070a600000|  0%| F|  |TAMS 0x000000070a500000, 0x000000070a500000| Untracked 
| 110|0x000000070a600000, 0x000000070a600000, 0x000000070a700000|  0%| F|  |TAMS 0x000000070a600000, 0x000000070a600000| Untracked 
| 111|0x000000070a700000, 0x000000070a700000, 0x000000070a800000|  0%| F|  |TAMS 0x000000070a700000, 0x000000070a700000| Untracked 
| 112|0x000000070a800000, 0x000000070a800000, 0x000000070a900000|  0%| F|  |TAMS 0x000000070a800000, 0x000000070a800000| Untracked 
| 113|0x000000070a900000, 0x000000070a900000, 0x000000070aa00000|  0%| F|  |TAMS 0x000000070a900000, 0x000000070a900000| Untracked 
| 114|0x000000070aa00000, 0x000000070aa00000, 0x000000070ab00000|  0%| F|  |TAMS 0x000000070aa00000, 0x000000070aa00000| Untracked 
| 115|0x000000070ab00000, 0x000000070ab00000, 0x000000070ac00000|  0%| F|  |TAMS 0x000000070ab00000, 0x000000070ab00000| Untracked 
| 116|0x000000070ac00000, 0x000000070ac00000, 0x000000070ad00000|  0%| F|  |TAMS 0x000000070ac00000, 0x000000070ac00000| Untracked 
| 117|0x000000070ad00000, 0x000000070ad00000, 0x000000070ae00000|  0%| F|  |TAMS 0x000000070ad00000, 0x000000070ad00000| Untracked 
| 118|0x000000070ae00000, 0x000000070ae00000, 0x000000070af00000|  0%| F|  |TAMS 0x000000070ae00000, 0x000000070ae00000| Untracked 
| 119|0x000000070af00000, 0x000000070af00000, 0x000000070b000000|  0%| F|  |TAMS 0x000000070af00000, 0x000000070af00000| Untracked 
| 120|0x000000070b000000, 0x000000070b000000, 0x000000070b100000|  0%| F|  |TAMS 0x000000070b000000, 0x000000070b000000| Untracked 
| 121|0x000000070b100000, 0x000000070b100000, 0x000000070b200000|  0%| F|  |TAMS 0x000000070b100000, 0x000000070b100000| Untracked 
| 122|0x000000070b200000, 0x000000070b200000, 0x000000070b300000|  0%| F|  |TAMS 0x000000070b200000, 0x000000070b200000| Untracked 
| 123|0x000000070b300000, 0x000000070b300000, 0x000000070b400000|  0%| F|  |TAMS 0x000000070b300000, 0x000000070b300000| Untracked 
| 124|0x000000070b400000, 0x000000070b400000, 0x000000070b500000|  0%| F|  |TAMS 0x000000070b400000, 0x000000070b400000| Untracked 
| 125|0x000000070b500000, 0x000000070b500000, 0x000000070b600000|  0%| F|  |TAMS 0x000000070b500000, 0x000000070b500000| Untracked 
| 126|0x000000070b600000, 0x000000070b600000, 0x000000070b700000|  0%| F|  |TAMS 0x000000070b600000, 0x000000070b600000| Untracked 
| 127|0x000000070b700000, 0x000000070b700000, 0x000000070b800000|  0%| F|  |TAMS 0x000000070b700000, 0x000000070b700000| Untracked 
| 128|0x000000070b800000, 0x000000070b800000, 0x000000070b900000|  0%| F|  |TAMS 0x000000070b800000, 0x000000070b800000| Untracked 
| 129|0x000000070b900000, 0x000000070b900000, 0x000000070ba00000|  0%| F|  |TAMS 0x000000070b900000, 0x000000070b900000| Untracked 
| 130|0x000000070ba00000, 0x000000070ba00000, 0x000000070bb00000|  0%| F|  |TAMS 0x000000070ba00000, 0x000000070ba00000| Untracked 
| 131|0x000000070bb00000, 0x000000070bb00000, 0x000000070bc00000|  0%| F|  |TAMS 0x000000070bb00000, 0x000000070bb00000| Untracked 
| 132|0x000000070bc00000, 0x000000070bc00000, 0x000000070bd00000|  0%| F|  |TAMS 0x000000070bc00000, 0x000000070bc00000| Untracked 
| 133|0x000000070bd00000, 0x000000070bd00000, 0x000000070be00000|  0%| F|  |TAMS 0x000000070bd00000, 0x000000070bd00000| Untracked 
| 134|0x000000070be00000, 0x000000070be00000, 0x000000070bf00000|  0%| F|  |TAMS 0x000000070be00000, 0x000000070be00000| Untracked 
| 135|0x000000070bf00000, 0x000000070bf00000, 0x000000070c000000|  0%| F|  |TAMS 0x000000070bf00000, 0x000000070bf00000| Untracked 
| 136|0x000000070c000000, 0x000000070c000000, 0x000000070c100000|  0%| F|  |TAMS 0x000000070c000000, 0x000000070c000000| Untracked 
| 137|0x000000070c100000, 0x000000070c100000, 0x000000070c200000|  0%| F|  |TAMS 0x000000070c100000, 0x000000070c100000| Untracked 
| 138|0x000000070c200000, 0x000000070c200000, 0x000000070c300000|  0%| F|  |TAMS 0x000000070c200000, 0x000000070c200000| Untracked 
| 139|0x000000070c300000, 0x000000070c300000, 0x000000070c400000|  0%| F|  |TAMS 0x000000070c300000, 0x000000070c300000| Untracked 
| 140|0x000000070c400000, 0x000000070c400000, 0x000000070c500000|  0%| F|  |TAMS 0x000000070c400000, 0x000000070c400000| Untracked 
| 141|0x000000070c500000, 0x000000070c500000, 0x000000070c600000|  0%| F|  |TAMS 0x000000070c500000, 0x000000070c500000| Untracked 
| 142|0x000000070c600000, 0x000000070c600000, 0x000000070c700000|  0%| F|  |TAMS 0x000000070c600000, 0x000000070c600000| Untracked 
| 143|0x000000070c700000, 0x000000070c700000, 0x000000070c800000|  0%| F|  |TAMS 0x000000070c700000, 0x000000070c700000| Untracked 
| 144|0x000000070c800000, 0x000000070c800000, 0x000000070c900000|  0%| F|  |TAMS 0x000000070c800000, 0x000000070c800000| Untracked 
| 145|0x000000070c900000, 0x000000070c900000, 0x000000070ca00000|  0%| F|  |TAMS 0x000000070c900000, 0x000000070c900000| Untracked 
| 146|0x000000070ca00000, 0x000000070ca00000, 0x000000070cb00000|  0%| F|  |TAMS 0x000000070ca00000, 0x000000070ca00000| Untracked 
| 147|0x000000070cb00000, 0x000000070cb00000, 0x000000070cc00000|  0%| F|  |TAMS 0x000000070cb00000, 0x000000070cb00000| Untracked 
| 148|0x000000070cc00000, 0x000000070cc00000, 0x000000070cd00000|  0%| F|  |TAMS 0x000000070cc00000, 0x000000070cc00000| Untracked 
| 149|0x000000070cd00000, 0x000000070cd00000, 0x000000070ce00000|  0%| F|  |TAMS 0x000000070cd00000, 0x000000070cd00000| Untracked 
| 150|0x000000070ce00000, 0x000000070ce00000, 0x000000070cf00000|  0%| F|  |TAMS 0x000000070ce00000, 0x000000070ce00000| Untracked 
| 151|0x000000070cf00000, 0x000000070cf00000, 0x000000070d000000|  0%| F|  |TAMS 0x000000070cf00000, 0x000000070cf00000| Untracked 
| 152|0x000000070d000000, 0x000000070d000000, 0x000000070d100000|  0%| F|  |TAMS 0x000000070d000000, 0x000000070d000000| Untracked 
| 153|0x000000070d100000, 0x000000070d100000, 0x000000070d200000|  0%| F|  |TAMS 0x000000070d100000, 0x000000070d100000| Untracked 
| 154|0x000000070d200000, 0x000000070d200000, 0x000000070d300000|  0%| F|  |TAMS 0x000000070d200000, 0x000000070d200000| Untracked 
| 155|0x000000070d300000, 0x000000070d300000, 0x000000070d400000|  0%| F|  |TAMS 0x000000070d300000, 0x000000070d300000| Untracked 
| 156|0x000000070d400000, 0x000000070d400000, 0x000000070d500000|  0%| F|  |TAMS 0x000000070d400000, 0x000000070d400000| Untracked 
| 157|0x000000070d500000, 0x000000070d500000, 0x000000070d600000|  0%| F|  |TAMS 0x000000070d500000, 0x000000070d500000| Untracked 
| 158|0x000000070d600000, 0x000000070d600000, 0x000000070d700000|  0%| F|  |TAMS 0x000000070d600000, 0x000000070d600000| Untracked 
| 159|0x000000070d700000, 0x000000070d700000, 0x000000070d800000|  0%| F|  |TAMS 0x000000070d700000, 0x000000070d700000| Untracked 
| 160|0x000000070d800000, 0x000000070d800000, 0x000000070d900000|  0%| F|  |TAMS 0x000000070d800000, 0x000000070d800000| Untracked 
| 161|0x000000070d900000, 0x000000070d900000, 0x000000070da00000|  0%| F|  |TAMS 0x000000070d900000, 0x000000070d900000| Untracked 
| 162|0x000000070da00000, 0x000000070da00000, 0x000000070db00000|  0%| F|  |TAMS 0x000000070da00000, 0x000000070da00000| Untracked 
| 163|0x000000070db00000, 0x000000070db00000, 0x000000070dc00000|  0%| F|  |TAMS 0x000000070db00000, 0x000000070db00000| Untracked 
| 164|0x000000070dc00000, 0x000000070dc00000, 0x000000070dd00000|  0%| F|  |TAMS 0x000000070dc00000, 0x000000070dc00000| Untracked 
| 165|0x000000070dd00000, 0x000000070dd00000, 0x000000070de00000|  0%| F|  |TAMS 0x000000070dd00000, 0x000000070dd00000| Untracked 
| 166|0x000000070de00000, 0x000000070de00000, 0x000000070df00000|  0%| F|  |TAMS 0x000000070de00000, 0x000000070de00000| Untracked 
| 167|0x000000070df00000, 0x000000070df00000, 0x000000070e000000|  0%| F|  |TAMS 0x000000070df00000, 0x000000070df00000| Untracked 
| 168|0x000000070e000000, 0x000000070e000000, 0x000000070e100000|  0%| F|  |TAMS 0x000000070e000000, 0x000000070e000000| Untracked 
| 169|0x000000070e100000, 0x000000070e100000, 0x000000070e200000|  0%| F|  |TAMS 0x000000070e100000, 0x000000070e100000| Untracked 
| 170|0x000000070e200000, 0x000000070e200000, 0x000000070e300000|  0%| F|  |TAMS 0x000000070e200000, 0x000000070e200000| Untracked 
| 171|0x000000070e300000, 0x000000070e300000, 0x000000070e400000|  0%| F|  |TAMS 0x000000070e300000, 0x000000070e300000| Untracked 
| 172|0x000000070e400000, 0x000000070e400000, 0x000000070e500000|  0%| F|  |TAMS 0x000000070e400000, 0x000000070e400000| Untracked 
| 173|0x000000070e500000, 0x000000070e500000, 0x000000070e600000|  0%| F|  |TAMS 0x000000070e500000, 0x000000070e500000| Untracked 
| 174|0x000000070e600000, 0x000000070e600000, 0x000000070e700000|  0%| F|  |TAMS 0x000000070e600000, 0x000000070e600000| Untracked 
| 175|0x000000070e700000, 0x000000070e700000, 0x000000070e800000|  0%| F|  |TAMS 0x000000070e700000, 0x000000070e700000| Untracked 
| 176|0x000000070e800000, 0x000000070e800000, 0x000000070e900000|  0%| F|  |TAMS 0x000000070e800000, 0x000000070e800000| Untracked 
| 177|0x000000070e900000, 0x000000070e900000, 0x000000070ea00000|  0%| F|  |TAMS 0x000000070e900000, 0x000000070e900000| Untracked 
| 178|0x000000070ea00000, 0x000000070ea00000, 0x000000070eb00000|  0%| F|  |TAMS 0x000000070ea00000, 0x000000070ea00000| Untracked 
| 179|0x000000070eb00000, 0x000000070eb00000, 0x000000070ec00000|  0%| F|  |TAMS 0x000000070eb00000, 0x000000070eb00000| Untracked 
| 180|0x000000070ec00000, 0x000000070ec00000, 0x000000070ed00000|  0%| F|  |TAMS 0x000000070ec00000, 0x000000070ec00000| Untracked 
| 181|0x000000070ed00000, 0x000000070ed00000, 0x000000070ee00000|  0%| F|  |TAMS 0x000000070ed00000, 0x000000070ed00000| Untracked 
| 182|0x000000070ee00000, 0x000000070ee00000, 0x000000070ef00000|  0%| F|  |TAMS 0x000000070ee00000, 0x000000070ee00000| Untracked 
| 183|0x000000070ef00000, 0x000000070ef00000, 0x000000070f000000|  0%| F|  |TAMS 0x000000070ef00000, 0x000000070ef00000| Untracked 
| 184|0x000000070f000000, 0x000000070f000000, 0x000000070f100000|  0%| F|  |TAMS 0x000000070f000000, 0x000000070f000000| Untracked 
| 185|0x000000070f100000, 0x000000070f100000, 0x000000070f200000|  0%| F|  |TAMS 0x000000070f100000, 0x000000070f100000| Untracked 
| 186|0x000000070f200000, 0x000000070f200000, 0x000000070f300000|  0%| F|  |TAMS 0x000000070f200000, 0x000000070f200000| Untracked 
| 187|0x000000070f300000, 0x000000070f300000, 0x000000070f400000|  0%| F|  |TAMS 0x000000070f300000, 0x000000070f300000| Untracked 
| 188|0x000000070f400000, 0x000000070f400000, 0x000000070f500000|  0%| F|  |TAMS 0x000000070f400000, 0x000000070f400000| Untracked 
| 189|0x000000070f500000, 0x000000070f500000, 0x000000070f600000|  0%| F|  |TAMS 0x000000070f500000, 0x000000070f500000| Untracked 
| 190|0x000000070f600000, 0x000000070f600000, 0x000000070f700000|  0%| F|  |TAMS 0x000000070f600000, 0x000000070f600000| Untracked 
| 191|0x000000070f700000, 0x000000070f700000, 0x000000070f800000|  0%| F|  |TAMS 0x000000070f700000, 0x000000070f700000| Untracked 
| 192|0x000000070f800000, 0x000000070f800000, 0x000000070f900000|  0%| F|  |TAMS 0x000000070f800000, 0x000000070f800000| Untracked 
| 193|0x000000070f900000, 0x000000070f900000, 0x000000070fa00000|  0%| F|  |TAMS 0x000000070f900000, 0x000000070f900000| Untracked 
| 194|0x000000070fa00000, 0x000000070fa00000, 0x000000070fb00000|  0%| F|  |TAMS 0x000000070fa00000, 0x000000070fa00000| Untracked 
| 195|0x000000070fb00000, 0x000000070fb00000, 0x000000070fc00000|  0%| F|  |TAMS 0x000000070fb00000, 0x000000070fb00000| Untracked 
| 196|0x000000070fc00000, 0x000000070fc00000, 0x000000070fd00000|  0%| F|  |TAMS 0x000000070fc00000, 0x000000070fc00000| Untracked 
| 197|0x000000070fd00000, 0x000000070fd00000, 0x000000070fe00000|  0%| F|  |TAMS 0x000000070fd00000, 0x000000070fd00000| Untracked 
| 198|0x000000070fe00000, 0x000000070fe00000, 0x000000070ff00000|  0%| F|  |TAMS 0x000000070fe00000, 0x000000070fe00000| Untracked 
| 199|0x000000070ff00000, 0x0000000710000000, 0x0000000710000000|100%| E|  |TAMS 0x000000070ff00000, 0x000000070ff00000| Complete 
| 200|0x0000000710000000, 0x0000000710100000, 0x0000000710100000|100%| E|CS|TAMS 0x0000000710000000, 0x0000000710000000| Complete 
| 201|0x0000000710100000, 0x0000000710200000, 0x0000000710200000|100%| E|CS|TAMS 0x0000000710100000, 0x0000000710100000| Complete 
| 202|0x0000000710200000, 0x0000000710300000, 0x0000000710300000|100%| E|CS|TAMS 0x0000000710200000, 0x0000000710200000| Complete 
| 203|0x0000000710300000, 0x0000000710400000, 0x0000000710400000|100%| E|CS|TAMS 0x0000000710300000, 0x0000000710300000| Complete 
| 204|0x0000000710400000, 0x0000000710500000, 0x0000000710500000|100%| E|CS|TAMS 0x0000000710400000, 0x0000000710400000| Complete 
| 205|0x0000000710500000, 0x0000000710600000, 0x0000000710600000|100%| E|CS|TAMS 0x0000000710500000, 0x0000000710500000| Complete 
| 206|0x0000000710600000, 0x0000000710700000, 0x0000000710700000|100%| E|CS|TAMS 0x0000000710600000, 0x0000000710600000| Complete 
| 207|0x0000000710700000, 0x00000007107510f0, 0x0000000710800000| 31%| S|CS|TAMS 0x0000000710700000, 0x0000000710700000| Complete 
| 208|0x0000000710800000, 0x0000000710900000, 0x0000000710900000|100%| S|CS|TAMS 0x0000000710800000, 0x0000000710800000| Complete 
| 209|0x0000000710900000, 0x0000000710a00000, 0x0000000710a00000|100%| S|CS|TAMS 0x0000000710900000, 0x0000000710900000| Complete 
| 210|0x0000000710a00000, 0x0000000710b00000, 0x0000000710b00000|100%| S|CS|TAMS 0x0000000710a00000, 0x0000000710a00000| Complete 
| 211|0x0000000710b00000, 0x0000000710c00000, 0x0000000710c00000|100%| S|CS|TAMS 0x0000000710b00000, 0x0000000710b00000| Complete 
| 212|0x0000000710c00000, 0x0000000710d00000, 0x0000000710d00000|100%| S|CS|TAMS 0x0000000710c00000, 0x0000000710c00000| Complete 
| 213|0x0000000710d00000, 0x0000000710e00000, 0x0000000710e00000|100%| S|CS|TAMS 0x0000000710d00000, 0x0000000710d00000| Complete 
| 214|0x0000000710e00000, 0x0000000710f00000, 0x0000000710f00000|100%| E|CS|TAMS 0x0000000710e00000, 0x0000000710e00000| Complete 
| 215|0x0000000710f00000, 0x0000000711000000, 0x0000000711000000|100%| E|CS|TAMS 0x0000000710f00000, 0x0000000710f00000| Complete 
| 216|0x0000000711000000, 0x0000000711100000, 0x0000000711100000|100%| E|CS|TAMS 0x0000000711000000, 0x0000000711000000| Complete 
| 217|0x0000000711100000, 0x0000000711200000, 0x0000000711200000|100%| E|CS|TAMS 0x0000000711100000, 0x0000000711100000| Complete 
| 218|0x0000000711200000, 0x0000000711300000, 0x0000000711300000|100%| E|CS|TAMS 0x0000000711200000, 0x0000000711200000| Complete 
| 219|0x0000000711300000, 0x0000000711400000, 0x0000000711400000|100%| E|CS|TAMS 0x0000000711300000, 0x0000000711300000| Complete 
| 220|0x0000000711400000, 0x0000000711500000, 0x0000000711500000|100%| E|CS|TAMS 0x0000000711400000, 0x0000000711400000| Complete 
| 221|0x0000000711500000, 0x0000000711600000, 0x0000000711600000|100%| E|CS|TAMS 0x0000000711500000, 0x0000000711500000| Complete 
| 222|0x0000000711600000, 0x0000000711700000, 0x0000000711700000|100%| E|CS|TAMS 0x0000000711600000, 0x0000000711600000| Complete 
| 223|0x0000000711700000, 0x0000000711800000, 0x0000000711800000|100%| E|CS|TAMS 0x0000000711700000, 0x0000000711700000| Complete 
| 224|0x0000000711800000, 0x0000000711900000, 0x0000000711900000|100%| E|CS|TAMS 0x0000000711800000, 0x0000000711800000| Complete 
| 225|0x0000000711900000, 0x0000000711a00000, 0x0000000711a00000|100%| E|CS|TAMS 0x0000000711900000, 0x0000000711900000| Complete 
| 226|0x0000000711a00000, 0x0000000711b00000, 0x0000000711b00000|100%| E|CS|TAMS 0x0000000711a00000, 0x0000000711a00000| Complete 
| 227|0x0000000711b00000, 0x0000000711c00000, 0x0000000711c00000|100%| E|CS|TAMS 0x0000000711b00000, 0x0000000711b00000| Complete 
| 228|0x0000000711c00000, 0x0000000711d00000, 0x0000000711d00000|100%| E|CS|TAMS 0x0000000711c00000, 0x0000000711c00000| Complete 
| 229|0x0000000711d00000, 0x0000000711e00000, 0x0000000711e00000|100%| E|CS|TAMS 0x0000000711d00000, 0x0000000711d00000| Complete 
| 230|0x0000000711e00000, 0x0000000711f00000, 0x0000000711f00000|100%| E|CS|TAMS 0x0000000711e00000, 0x0000000711e00000| Complete 
| 231|0x0000000711f00000, 0x0000000712000000, 0x0000000712000000|100%| E|CS|TAMS 0x0000000711f00000, 0x0000000711f00000| Complete 
| 232|0x0000000712000000, 0x0000000712100000, 0x0000000712100000|100%| E|CS|TAMS 0x0000000712000000, 0x0000000712000000| Complete 
| 233|0x0000000712100000, 0x0000000712200000, 0x0000000712200000|100%| E|CS|TAMS 0x0000000712100000, 0x0000000712100000| Complete 
| 234|0x0000000712200000, 0x0000000712300000, 0x0000000712300000|100%| E|CS|TAMS 0x0000000712200000, 0x0000000712200000| Complete 
| 235|0x0000000712300000, 0x0000000712400000, 0x0000000712400000|100%| E|CS|TAMS 0x0000000712300000, 0x0000000712300000| Complete 
| 236|0x0000000712400000, 0x0000000712500000, 0x0000000712500000|100%| E|CS|TAMS 0x0000000712400000, 0x0000000712400000| Complete 
| 237|0x0000000712500000, 0x0000000712600000, 0x0000000712600000|100%| E|CS|TAMS 0x0000000712500000, 0x0000000712500000| Complete 
| 238|0x0000000712600000, 0x0000000712700000, 0x0000000712700000|100%| E|CS|TAMS 0x0000000712600000, 0x0000000712600000| Complete 
| 239|0x0000000712700000, 0x0000000712800000, 0x0000000712800000|100%| E|CS|TAMS 0x0000000712700000, 0x0000000712700000| Complete 
| 240|0x0000000712800000, 0x0000000712900000, 0x0000000712900000|100%| E|CS|TAMS 0x0000000712800000, 0x0000000712800000| Complete 
| 241|0x0000000712900000, 0x0000000712a00000, 0x0000000712a00000|100%| E|CS|TAMS 0x0000000712900000, 0x0000000712900000| Complete 
| 242|0x0000000712a00000, 0x0000000712b00000, 0x0000000712b00000|100%| E|CS|TAMS 0x0000000712a00000, 0x0000000712a00000| Complete 
| 243|0x0000000712b00000, 0x0000000712c00000, 0x0000000712c00000|100%| E|CS|TAMS 0x0000000712b00000, 0x0000000712b00000| Complete 
| 244|0x0000000712c00000, 0x0000000712d00000, 0x0000000712d00000|100%| E|CS|TAMS 0x0000000712c00000, 0x0000000712c00000| Complete 
| 245|0x0000000712d00000, 0x0000000712e00000, 0x0000000712e00000|100%| E|CS|TAMS 0x0000000712d00000, 0x0000000712d00000| Complete 
| 246|0x0000000712e00000, 0x0000000712f00000, 0x0000000712f00000|100%| E|CS|TAMS 0x0000000712e00000, 0x0000000712e00000| Complete 
| 247|0x0000000712f00000, 0x0000000713000000, 0x0000000713000000|100%| E|CS|TAMS 0x0000000712f00000, 0x0000000712f00000| Complete 
| 248|0x0000000713000000, 0x0000000713100000, 0x0000000713100000|100%| E|CS|TAMS 0x0000000713000000, 0x0000000713000000| Complete 
| 249|0x0000000713100000, 0x0000000713200000, 0x0000000713200000|100%| E|CS|TAMS 0x0000000713100000, 0x0000000713100000| Complete 
| 250|0x0000000713200000, 0x0000000713300000, 0x0000000713300000|100%| E|CS|TAMS 0x0000000713200000, 0x0000000713200000| Complete 
| 251|0x0000000713300000, 0x0000000713400000, 0x0000000713400000|100%| E|CS|TAMS 0x0000000713300000, 0x0000000713300000| Complete 
| 252|0x0000000713400000, 0x0000000713500000, 0x0000000713500000|100%| E|CS|TAMS 0x0000000713400000, 0x0000000713400000| Complete 
| 253|0x0000000713500000, 0x0000000713600000, 0x0000000713600000|100%| E|CS|TAMS 0x0000000713500000, 0x0000000713500000| Complete 

Card table byte_map: [0x000001027d2f0000,0x000001027dae0000] _byte_map_base: 0x0000010279ad4000

Marking Bits (Prev, Next): (CMBitMap*) 0x0000010278d5ccf0, (CMBitMap*) 0x0000010278d5ccb8
 Prev Bits: [0x0000010212f20000, 0x0000010216e40000)
 Next Bits: [0x000001020f000000, 0x0000010212f20000)

Polling page: 0x00000102784c0000

Metaspace:

Usage:
  Non-class:     27.21 MB capacity,    27.01 MB (>99%) used,   157.17 KB ( <1%) free+waste,    45.88 KB ( <1%) overhead. 
      Class:      4.02 MB capacity,     3.85 MB ( 96%) used,   154.24 KB (  4%) free+waste,    21.19 KB ( <1%) overhead. 
       Both:     31.23 MB capacity,    30.86 MB ( 99%) used,   311.41 KB ( <1%) free+waste,    67.06 KB ( <1%) overhead. 

Virtual space:
  Non-class space:       28.00 MB reserved,      27.25 MB ( 97%) committed 
      Class space:        1.00 GB reserved,       4.13 MB ( <1%) committed 
             Both:        1.03 GB reserved,      31.38 MB (  3%) committed 

Chunk freelists:
   Non-Class:  38.00 KB
       Class:  15.00 KB
        Both:  53.00 KB

MaxMetaspaceSize: 17179869184.00 GB
CompressedClassSpaceSize: 1.00 GB

CodeHeap 'non-profiled nmethods': size=120000Kb used=893Kb max_used=893Kb free=119106Kb
 bounds [0x0000010207ad0000, 0x0000010207d40000, 0x000001020f000000]
CodeHeap 'profiled nmethods': size=120000Kb used=4165Kb max_used=4165Kb free=115834Kb
 bounds [0x00000102005a0000, 0x00000102009c0000, 0x0000010207ad0000]
CodeHeap 'non-nmethods': size=5760Kb used=1173Kb max_used=1226Kb free=4586Kb
 bounds [0x0000010200000000, 0x0000010200270000, 0x00000102005a0000]
 total_blobs=2727 nmethods=2217 adapters=421
 compilation: enabled
              stopped_count=0, restarted_count=0
 full_count=0

Compilation events (20 events):
Event: 1.808 Thread 0x000001027f724000 2207       1       org.jetbrains.kotlin.com.intellij.psi.tree.IElementType::getIndex (5 bytes)
Event: 1.809 Thread 0x000001027f724000 nmethod 2207 0x0000010207b9bc90 code [0x0000010207b9be40, 0x0000010207b9bef8]
Event: 1.815 Thread 0x000001027f724000 2208       3       java.lang.Class::arrayContentsEq (70 bytes)
Event: 1.815 Thread 0x000001027f724000 nmethod 2208 0x00000102009aa910 code [0x00000102009aaae0, 0x00000102009aaef8]
Event: 1.817 Thread 0x000001027f723000 2209   !   4       java.util.jar.JarFile::checkForSpecialAttributes (163 bytes)
Event: 1.818 Thread 0x000001027f8e1000 2210   !   4       java.util.zip.ZipFile$ZipFileInputStream::close (59 bytes)
Event: 1.823 Thread 0x000001027f724000 2212   !   3       org.jetbrains.kotlin.com.intellij.psi.tree.IElementType::<init> (295 bytes)
Event: 1.827 Thread 0x000001027f724000 nmethod 2212 0x00000102009ab090 code [0x00000102009ab660, 0x00000102009ae6b8]
Event: 1.827 Thread 0x000001027f724000 2213       3       org.jetbrains.kotlin.com.intellij.psi.tree.IElementType::<init> (29 bytes)
Event: 1.827 Thread 0x000001027f724000 nmethod 2213 0x00000102009afc10 code [0x00000102009afe00, 0x00000102009b0148]
Event: 1.827 Thread 0x000001027f8e1000 nmethod 2210 0x0000010207b9bf90 code [0x0000010207b9c160, 0x0000010207b9c918]
Event: 1.827 Thread 0x000001027f8e1000 2211       4       java.util.Collections$SetFromMap::remove (19 bytes)
Event: 1.832 Thread 0x000001027f723000 nmethod 2209 0x0000010207b9cd90 code [0x0000010207b9d000, 0x0000010207b9deb0]
Event: 1.832 Thread 0x000001027f8e1000 nmethod 2211 0x0000010207b9e590 code [0x0000010207b9e740, 0x0000010207b9eba8]
Event: 1.834 Thread 0x000001027f724000 2214       3       java.lang.Class::newReflectionData (66 bytes)
Event: 1.834 Thread 0x000001027f724000 nmethod 2214 0x00000102009b0210 code [0x00000102009b0440, 0x00000102009b0de8]
Event: 1.842 Thread 0x000001027f723000 2215   !   4       java.net.URL::<init> (543 bytes)
Event: 1.858 Thread 0x000001027f8e1000 2216       4       java.util.zip.ZipFile$Source::getEntryPos (206 bytes)
Event: 1.859 Thread 0x000001027f724000 2219       3       jdk.internal.reflect.ConstructorAccessorImpl::<init> (5 bytes)
Event: 1.859 Thread 0x000001027f724000 nmethod 2219 0x00000102009b1090 code [0x00000102009b1240, 0x00000102009b13f8]

GC Heap History (4 events):
Event: 0.443 GC heap before
{Heap before GC invocations=0 (full 0):
 garbage-first heap   total 260096K, used 27648K [0x0000000703800000, 0x0000000800000000)
  region size 1024K, 24 young (24576K), 0 survivors (0K)
 Metaspace       used 12299K, capacity 12341K, committed 12544K, reserved 1060864K
  class space    used 1157K, capacity 1174K, committed 1280K, reserved 1048576K
}
Event: 0.446 GC heap after
{Heap after GC invocations=1 (full 0):
 garbage-first heap   total 260096K, used 5738K [0x0000000703800000, 0x0000000800000000)
  region size 1024K, 3 young (3072K), 3 survivors (3072K)
 Metaspace       used 12299K, capacity 12341K, committed 12544K, reserved 1060864K
  class space    used 1157K, capacity 1174K, committed 1280K, reserved 1048576K
}
Event: 0.977 GC heap before
{Heap before GC invocations=1 (full 0):
 garbage-first heap   total 260096K, used 42602K [0x0000000703800000, 0x0000000800000000)
  region size 1024K, 40 young (40960K), 3 survivors (3072K)
 Metaspace       used 20951K, capacity 21148K, committed 21248K, reserved 1069056K
  class space    used 2215K, capacity 2278K, committed 2304K, reserved 1048576K
}
Event: 0.986 GC heap after
{Heap after GC invocations=2 (full 0):
 garbage-first heap   total 260096K, used 9540K [0x0000000703800000, 0x0000000800000000)
  region size 1024K, 7 young (7168K), 7 survivors (7168K)
 Metaspace       used 20951K, capacity 21148K, committed 21248K, reserved 1069056K
  class space    used 2215K, capacity 2278K, committed 2304K, reserved 1048576K
}

Deoptimization events (20 events):
Event: 1.847 Thread 0x0000010278cf8000 Uncommon trap: trap_request=0xffffffde fr.pc=0x0000010207b90444 relative=0x0000000000000084
Event: 1.847 Thread 0x0000010278cf8000 Uncommon trap: reason=class_check action=maybe_recompile pc=0x0000010207b90444 method=gnu.trove.TObjectHash.computeHashCode(Ljava/lang/Object;)I @ 5 c2
Event: 1.847 Thread 0x0000010278cf8000 DEOPT PACKING pc=0x0000010207b90444 sp=0x00000001006fe450
Event: 1.847 Thread 0x0000010278cf8000 DEOPT UNPACKING pc=0x0000010200027b2f sp=0x00000001006fe3e0 mode 2
Event: 1.847 Thread 0x0000010278cf8000 Uncommon trap: trap_request=0xffffffde fr.pc=0x0000010207b90444 relative=0x0000000000000084
Event: 1.847 Thread 0x0000010278cf8000 Uncommon trap: reason=class_check action=maybe_recompile pc=0x0000010207b90444 method=gnu.trove.TObjectHash.computeHashCode(Ljava/lang/Object;)I @ 5 c2
Event: 1.847 Thread 0x0000010278cf8000 DEOPT PACKING pc=0x0000010207b90444 sp=0x00000001006fe450
Event: 1.847 Thread 0x0000010278cf8000 DEOPT UNPACKING pc=0x0000010200027b2f sp=0x00000001006fe3e0 mode 2
Event: 1.847 Thread 0x0000010278cf8000 Uncommon trap: trap_request=0xffffffde fr.pc=0x0000010207b90444 relative=0x0000000000000084
Event: 1.847 Thread 0x0000010278cf8000 Uncommon trap: reason=class_check action=maybe_recompile pc=0x0000010207b90444 method=gnu.trove.TObjectHash.computeHashCode(Ljava/lang/Object;)I @ 5 c2
Event: 1.847 Thread 0x0000010278cf8000 DEOPT PACKING pc=0x0000010207b90444 sp=0x00000001006fe430
Event: 1.847 Thread 0x0000010278cf8000 DEOPT UNPACKING pc=0x0000010200027b2f sp=0x00000001006fe3c0 mode 2
Event: 1.847 Thread 0x0000010278cf8000 Uncommon trap: trap_request=0xffffffde fr.pc=0x0000010207b8530c relative=0x000000000000006c
Event: 1.847 Thread 0x0000010278cf8000 Uncommon trap: reason=class_check action=maybe_recompile pc=0x0000010207b8530c method=gnu.trove.TObjectHash.equals(Ljava/lang/Object;Ljava/lang/Object;)Z @ 6 c2
Event: 1.847 Thread 0x0000010278cf8000 DEOPT PACKING pc=0x0000010207b8530c sp=0x00000001006fe4c0
Event: 1.847 Thread 0x0000010278cf8000 DEOPT UNPACKING pc=0x0000010200027b2f sp=0x00000001006fe440 mode 2
Event: 1.847 Thread 0x0000010278cf8000 Uncommon trap: trap_request=0xffffffde fr.pc=0x0000010207b8530c relative=0x000000000000006c
Event: 1.847 Thread 0x0000010278cf8000 Uncommon trap: reason=class_check action=maybe_recompile pc=0x0000010207b8530c method=gnu.trove.TObjectHash.equals(Ljava/lang/Object;Ljava/lang/Object;)Z @ 6 c2
Event: 1.847 Thread 0x0000010278cf8000 DEOPT PACKING pc=0x0000010207b8530c sp=0x00000001006fe390
Event: 1.847 Thread 0x0000010278cf8000 DEOPT UNPACKING pc=0x0000010200027b2f sp=0x00000001006fe310 mode 2

Classes redefined (0 events):
No events

Internal exceptions (18 events):
Event: 0.801 Thread 0x0000010278cf8000 Exception <a 'java/lang/NoSuchMethodError'{0x0000000711e5e070}: 'int java.lang.invoke.DirectMethodHandle$Holder.invokeSpecialIFC(java.lang.Object, java.lang.Object, int)'> (0x0000000711e5e070) thrown at [./src/hotspot/share/interpreter/linkResolver.cpp, line 773]
Event: 0.926 Thread 0x0000010278cf8000 Exception <a 'java/lang/NoSuchMethodError'{0x00000007113bba50}: 'java.lang.Object java.lang.invoke.DirectMethodHandle$Holder.invokeStaticInit(java.lang.Object, int)'> (0x00000007113bba50) thrown at [./src/hotspot/share/interpreter/linkResolver.cpp, line 773]
Event: 0.944 Thread 0x0000010278cf8000 Exception <a 'java/lang/NoSuchMethodError'{0x0000000711151f08}: 'long java.lang.invoke.DirectMethodHandle$Holder.invokeStatic(java.lang.Object)'> (0x0000000711151f08) thrown at [./src/hotspot/share/interpreter/linkResolver.cpp, line 773]
Event: 0.944 Thread 0x0000010278cf8000 Exception <a 'java/lang/NoSuchMethodError'{0x0000000711154d60}: 'long java.lang.invoke.DirectMethodHandle$Holder.invokeStaticInit(java.lang.Object)'> (0x0000000711154d60) thrown at [./src/hotspot/share/interpreter/linkResolver.cpp, line 773]
Event: 0.994 Thread 0x0000010278cf8000 Exception <a 'java/lang/NoSuchMethodError'{0x000000071356a3e8}: 'int java.lang.invoke.DirectMethodHandle$Holder.invokeStaticInit(java.lang.Object, java.lang.Object, java.lang.Object)'> (0x000000071356a3e8) thrown at [./src/hotspot/share/interpreter/linkResolver.cpp, line 773]
Event: 0.997 Thread 0x0000010278cf8000 Exception <a 'java/lang/NoSuchMethodError'{0x0000000713596348}: 'int java.lang.invoke.DirectMethodHandle$Holder.invokeStaticInit(java.lang.Object, java.lang.Object)'> (0x0000000713596348) thrown at [./src/hotspot/share/interpreter/linkResolver.cpp, line 773]
Event: 1.191 Thread 0x0000010278cf8000 Exception <a 'java/lang/NoSuchMethodError'{0x0000000712b4f7f0}: 'java.lang.Object java.lang.invoke.DirectMethodHandle$Holder.invokeStatic(java.lang.Object, java.lang.Object, java.lang.Object, java.lang.Object, java.lang.Object, java.lang.Object, java.lang.Object, java.lang.Object, java.lang.Object, java.lang.Object, java.lang.Object, java.lang.Object, java.lang.Object, java.lang.Object, java.lang.Object)'> (0x0000000712b4f7f0) thrown at [./src/hotspot/share/interpreter/linkResolver.cpp, line 773]
Event: 1.193 Thread 0x0000010278cf8000 Exception <a 'java/lang/NoSuchMethodError'{0x0000000712b5d7f8}: 'java.lang.Object java.lang.invoke.DirectMethodHandle$Holder.invokeStatic(java.lang.Object, java.lang.Object, java.lang.Object, java.lang.Object, java.lang.Object, java.lang.Object, java.lang.Object, java.lang.Object, java.lang.Object, java.lang.Object, java.lang.Object, java.lang.Object, java.lang.Object, java.lang.Object, java.lang.Object, java.lang.Object)'> (0x0000000712b5d7f8) thrown at [./src/hotspot/share/interpreter/linkResolver.cpp, l
Event: 1.195 Thread 0x0000010278cf8000 Exception <a 'java/lang/NoSuchMethodError'{0x0000000712b6b710}: 'java.lang.Object java.lang.invoke.DirectMethodHandle$Holder.invokeSpecial(java.lang.Object, java.lang.Object, int, int, java.lang.Object, java.lang.Object, java.lang.Object)'> (0x0000000712b6b710) thrown at [./src/hotspot/share/interpreter/linkResolver.cpp, line 773]
Event: 1.196 Thread 0x0000010278cf8000 Exception <a 'java/lang/NoSuchMethodError'{0x0000000712b6ef48}: 'java.lang.Object java.lang.invoke.DelegatingMethodHandle$Holder.reinvoke_L(java.lang.Object, int, int, java.lang.Object, java.lang.Object, java.lang.Object)'> (0x0000000712b6ef48) thrown at [./src/hotspot/share/interpreter/linkResolver.cpp, line 773]
Event: 1.196 Thread 0x0000010278cf8000 Exception <a 'java/lang/NoSuchMethodError'{0x0000000712b732d0}: 'java.lang.Object java.lang.invoke.DirectMethodHandle$Holder.invokeStatic(java.lang.Object, java.lang.Object, java.lang.Object, java.lang.Object, int)'> (0x0000000712b732d0) thrown at [./src/hotspot/share/interpreter/linkResolver.cpp, line 773]
Event: 1.243 Thread 0x0000010278cf8000 Implicit null exception at 0x0000010207b57f2c to 0x0000010207b580da
Event: 1.283 Thread 0x0000010278cf8000 Exception <a 'java/lang/NoSuchMethodError'{0x00000007126eea48}: 'void java.lang.invoke.DirectMethodHandle$Holder.invokeStatic(java.lang.Object, java.lang.Object, java.lang.Object, java.lang.Object)'> (0x00000007126eea48) thrown at [./src/hotspot/share/interpreter/linkResolver.cpp, line 773]
Event: 1.305 Thread 0x0000010278cf8000 Exception <a 'java/lang/NoSuchMethodError'{0x000000071243f090}: 'void java.lang.invoke.DirectMethodHandle$Holder.invokeSpecial(java.lang.Object, java.lang.Object)'> (0x000000071243f090) thrown at [./src/hotspot/share/interpreter/linkResolver.cpp, line 773]
Event: 1.349 Thread 0x0000010278cf8000 Exception <a 'java/lang/NoSuchMethodError'{0x00000007122e4898}: 'void java.lang.invoke.DirectMethodHandle$Holder.invokeStaticInit(java.lang.Object, java.lang.Object)'> (0x00000007122e4898) thrown at [./src/hotspot/share/interpreter/linkResolver.cpp, line 773]
Event: 1.358 Thread 0x0000010278cf8000 Exception <a 'java/lang/NoSuchMethodError'{0x00000007121233a8}: 'void java.lang.invoke.DirectMethodHandle$Holder.invokeInterface(java.lang.Object, java.lang.Object)'> (0x00000007121233a8) thrown at [./src/hotspot/share/interpreter/linkResolver.cpp, line 773]
Event: 1.437 Thread 0x0000010278cf8000 Exception <a 'java/lang/NoSuchMethodError'{0x0000000711db9468}: 'void java.lang.invoke.DirectMethodHandle$Holder.invokeVirtual(java.lang.Object, java.lang.Object)'> (0x0000000711db9468) thrown at [./src/hotspot/share/interpreter/linkResolver.cpp, line 773]
Event: 1.447 Thread 0x0000010278cf8000 Exception <a 'java/lang/NoSuchMethodError'{0x0000000711c31228}: 'int java.lang.invoke.DirectMethodHandle$Holder.invokeVirtual(java.lang.Object, java.lang.Object)'> (0x0000000711c31228) thrown at [./src/hotspot/share/interpreter/linkResolver.cpp, line 773]

Events (20 events):
Event: 1.866 loading class org/jetbrains/kotlin/descriptors/InvalidModuleException
Event: 1.866 loading class org/jetbrains/kotlin/descriptors/InvalidModuleException done
Event: 1.866 loading class org/jetbrains/kotlin/descriptors/annotations/Annotations
Event: 1.866 loading class org/jetbrains/kotlin/descriptors/annotations/Annotations done
Event: 1.866 loading class org/jetbrains/kotlin/descriptors/annotations/Annotations$Companion
Event: 1.866 loading class org/jetbrains/kotlin/descriptors/annotations/Annotations$Companion done
Event: 1.867 loading class org/jetbrains/kotlin/descriptors/annotations/Annotations$Companion$EMPTY$1
Event: 1.867 loading class org/jetbrains/kotlin/descriptors/annotations/Annotations$Companion$EMPTY$1 done
Event: 1.867 loading class org/jetbrains/kotlin/types/checker/KotlinTypeRefinerKt
Event: 1.867 loading class org/jetbrains/kotlin/types/checker/KotlinTypeRefinerKt done
Event: 1.867 loading class org/jetbrains/kotlin/descriptors/ModuleCapability
Event: 1.867 loading class org/jetbrains/kotlin/descriptors/ModuleCapability done
Event: 1.867 loading class org/jetbrains/kotlin/types/checker/Ref
Event: 1.867 loading class org/jetbrains/kotlin/types/checker/Ref done
Event: 1.867 loading class org/jetbrains/kotlin/descriptors/impl/PackageViewDescriptorFactory
Event: 1.867 loading class org/jetbrains/kotlin/descriptors/impl/PackageViewDescriptorFactory done
Event: 1.868 loading class org/jetbrains/kotlin/descriptors/impl/PackageViewDescriptorFactory$Companion
Event: 1.868 loading class org/jetbrains/kotlin/descriptors/impl/PackageViewDescriptorFactory$Companion done
Event: 1.868 loading class org/jetbrains/kotlin/descriptors/impl/PackageViewDescriptorFactory$Default
Event: 1.868 loading class org/jetbrains/kotlin/descriptors/impl/PackageViewDescriptorFactory$Default done


Dynamic libraries:
0x00007ff76a860000 - 0x00007ff76a86a000 	C:\Program Files\Android\Android Studio\jre\bin\java.exe
0x00007ffa92980000 - 0x00007ffa92b70000 	C:\windows\SYSTEM32\ntdll.dll
0x00007ffa910d0000 - 0x00007ffa91182000 	C:\windows\System32\KERNEL32.DLL
0x00007ffa8fe00000 - 0x00007ffa900a5000 	C:\windows\System32\KERNELBASE.dll
0x00007ffa8fbe0000 - 0x00007ffa8fcda000 	C:\windows\System32\ucrtbase.dll
0x00007ffa790e0000 - 0x00007ffa790f7000 	C:\Program Files\Android\Android Studio\jre\bin\VCRUNTIME140.dll
0x00007ffa88930000 - 0x00007ffa88949000 	C:\Program Files\Android\Android Studio\jre\bin\jli.dll
0x00007ffa91700000 - 0x00007ffa91894000 	C:\windows\System32\USER32.dll
0x00007ffa90a00000 - 0x00007ffa90a21000 	C:\windows\System32\win32u.dll
0x00007ffa91190000 - 0x00007ffa911b6000 	C:\windows\System32\GDI32.dll
0x00007ffa8fa40000 - 0x00007ffa8fbd6000 	C:\windows\System32\gdi32full.dll
0x00007ffa8f910000 - 0x00007ffa8f9ae000 	C:\windows\System32\msvcp_win.dll
0x00007ffa763d0000 - 0x00007ffa76654000 	C:\windows\WinSxS\amd64_microsoft.windows.common-controls_6595b64144ccf1df_6.0.18362.1139_none_9e7bf2d3e4605ac6\COMCTL32.dll
0x00007ffa92610000 - 0x00007ffa926ae000 	C:\windows\System32\msvcrt.dll
0x00007ffa90ce0000 - 0x00007ffa91015000 	C:\windows\System32\combase.dll
0x00007ffa90bc0000 - 0x00007ffa90ce0000 	C:\windows\System32\RPCRT4.dll
0x00007ffa90200000 - 0x00007ffa90280000 	C:\windows\System32\bcryptPrimitives.dll
0x00007ffa91970000 - 0x00007ffa9199e000 	C:\windows\System32\IMM32.DLL
0x00007ffa8e4f0000 - 0x00007ffa8e54e000 	C:\windows\SYSTEM32\oleLoader.dll
0x00007ffa75a00000 - 0x00007ffa75a9d000 	C:\Program Files\Android\Android Studio\jre\bin\msvcp140.dll
0x00007ffa2a190000 - 0x00007ffa2ac5f000 	C:\Program Files\Android\Android Studio\jre\bin\server\jvm.dll
0x00007ffa90b10000 - 0x00007ffa90bb3000 	C:\windows\System32\ADVAPI32.dll
0x00007ffa919b0000 - 0x00007ffa91a47000 	C:\windows\System32\sechost.dll
0x00007ffa919a0000 - 0x00007ffa919a8000 	C:\windows\System32\PSAPI.DLL
0x00007ffa78270000 - 0x00007ffa78279000 	C:\windows\SYSTEM32\WSOCK32.dll
0x00007ffa925a0000 - 0x00007ffa9260f000 	C:\windows\System32\WS2_32.dll
0x00007ffa87ae0000 - 0x00007ffa87aea000 	C:\windows\SYSTEM32\VERSION.dll
0x00007ffa87730000 - 0x00007ffa87754000 	C:\windows\SYSTEM32\WINMM.dll
0x00007ffa87700000 - 0x00007ffa8772d000 	C:\windows\SYSTEM32\winmmbase.dll
0x00007ffa8fce0000 - 0x00007ffa8fd2a000 	C:\windows\System32\cfgmgr32.dll
0x00007ffa8f870000 - 0x00007ffa8f881000 	C:\windows\System32\kernel.appcore.dll
0x00007ffa78f30000 - 0x00007ffa78f41000 	C:\Program Files\Android\Android Studio\jre\bin\verify.dll
0x00007ffa8a820000 - 0x00007ffa8aa14000 	C:\windows\SYSTEM32\DBGHELP.DLL
0x00007ffa70160000 - 0x00007ffa7018a000 	C:\windows\SYSTEM32\dbgcore.DLL
0x00007ffa77310000 - 0x00007ffa77339000 	C:\Program Files\Android\Android Studio\jre\bin\java.dll
0x00007ffa87ad0000 - 0x00007ffa87adb000 	C:\Program Files\Android\Android Studio\jre\bin\jimage.dll
0x00007ffa78f10000 - 0x00007ffa78f28000 	C:\Program Files\Android\Android Studio\jre\bin\zip.dll
0x00007ffa91e50000 - 0x00007ffa92537000 	C:\windows\System32\SHELL32.dll
0x00007ffa91020000 - 0x00007ffa910c9000 	C:\windows\System32\shcore.dll
0x00007ffa90280000 - 0x00007ffa90a00000 	C:\windows\System32\windows.storage.dll
0x00007ffa8f890000 - 0x00007ffa8f8b3000 	C:\windows\System32\profapi.dll
0x00007ffa8f8c0000 - 0x00007ffa8f90a000 	C:\windows\System32\powrprof.dll
0x00007ffa8f840000 - 0x00007ffa8f850000 	C:\windows\System32\UMPDC.dll
0x00007ffa90ab0000 - 0x00007ffa90b02000 	C:\windows\System32\shlwapi.dll
0x00007ffa8fd30000 - 0x00007ffa8fd47000 	C:\windows\System32\cryptsp.dll
0x00007ffa75b80000 - 0x00007ffa75b9a000 	C:\Program Files\Android\Android Studio\jre\bin\net.dll
0x00007ffa8bd00000 - 0x00007ffa8bdf0000 	C:\windows\SYSTEM32\WINHTTP.dll
0x00007ffa8f090000 - 0x00007ffa8f0f7000 	C:\windows\system32\mswsock.dll
0x00007ffa75b40000 - 0x00007ffa75b54000 	C:\Program Files\Android\Android Studio\jre\bin\nio.dll
0x00007ffa6e240000 - 0x00007ffa6e354000 	C:\UEBA\plugin\Com.Isearch.Func.Java\UEBAMonitorJava_x64.dll

dbghelp: loaded successfully - version: 4.0.5 - missing functions: none
symbol engine: initialized successfully - sym options: 0x614 - pdb path: .;C:\Program Files\Android\Android Studio\jre\bin;C:\windows\SYSTEM32;C:\windows\WinSxS\amd64_microsoft.windows.common-controls_6595b64144ccf1df_6.0.18362.1139_none_9e7bf2d3e4605ac6;C:\Program Files\Android\Android Studio\jre\bin\server;C:\UEBA\plugin\Com.Isearch.Func.Java

VM Arguments:
java_command: org.jetbrains.kotlin.cli.jvm.K2JVMCompiler @C:\Users\a84203565\AndroidStudioProjects\VoiceChanger\app\build\20220222_15125377749816487897.compiler.options
java_class_path (initial): C:\Users\a84203565\.gradle\caches\modules-2\files-2.1\org.jetbrains.kotlin\kotlin-compiler-embeddable\1.5.31\cc18c29253541dc57c25c3ef514d63c7953ae1a6\kotlin-compiler-embeddable-1.5.31.jar;C:\Users\a84203565\.gradle\caches\modules-2\files-2.1\org.jetbrains.kotlin\kotlin-reflect\1.5.31\1523fcd842a47da0820cea772b19c51056fec8a9\kotlin-reflect-1.5.31.jar;C:\Users\a84203565\.gradle\caches\modules-2\files-2.1\org.jetbrains.kotlin\kotlin-stdlib\1.5.31\6628d61d0f5603568e72d2d5915d2c034b4f1c55\kotlin-stdlib-1.5.31.jar;C:\Users\a84203565\.gradle\caches\modules-2\files-2.1\org.jetbrains.kotlin\kotlin-script-runtime\1.5.31\aaea854be2cfc06373dfc11be5a6ba9ca5ca84a6\kotlin-script-runtime-1.5.31.jar;C:\Users\a84203565\.gradle\caches\modules-2\files-2.1\org.jetbrains.kotlin\kotlin-daemon-embeddable\1.5.31\d19b549661e28c62781683dc7c7e34bf416974f1\kotlin-daemon-embeddable-1.5.31.jar;C:\Users\a84203565\.gradle\caches\modules-2\files-2.1\org.jetbrains.intellij.deps\trove4j\1.0.20181211\216c2e14b070f334479d800987affe4054cd563f\trove4j-1.0.20181211.jar;C:\Users\a84203565\.gradle\caches\modules-2\files-2.1\org.jetbrains\annotations\13.0\919f0dfe192fb4e063e7dacadee7f8bb9a2672a9\annotations-13.0.jar;C:\Users\a84203565\.gradle\caches\modules-2\files-2.1\org.jetbrains.kotlin\kotlin-stdlib-common\1.5.31\43331609c7de811fed085e0dfd150874b157c32\kotlin-stdlib-common-1.5.31.jar
Launcher Type: SUN_STANDARD

[Global flags]
     intx CICompilerCount                          = 4                                         {product} {ergonomic}
     uint ConcGCThreads                            = 2                                         {product} {ergonomic}
     uint G1ConcRefinementThreads                  = 8                                         {product} {ergonomic}
   size_t G1HeapRegionSize                         = 1048576                                   {product} {ergonomic}
    uintx GCDrainStackTargetSize                   = 64                                        {product} {ergonomic}
   size_t InitialHeapSize                          = 266338304                                 {product} {ergonomic}
   size_t MarkStackSize                            = 4194304                                   {product} {ergonomic}
   size_t MaxHeapSize                              = 4236247040                                {product} {ergonomic}
   size_t MaxNewSize                               = 2541748224                                {product} {ergonomic}
   size_t MinHeapDeltaBytes                        = 1048576                                   {product} {ergonomic}
    uintx NonNMethodCodeHeapSize                   = 5836300                                {pd product} {ergonomic}
    uintx NonProfiledCodeHeapSize                  = 122910970                              {pd product} {ergonomic}
    uintx ProfiledCodeHeapSize                     = 122910970                              {pd product} {ergonomic}
    uintx ReservedCodeCacheSize                    = 251658240                              {pd product} {ergonomic}
     bool SegmentedCodeCache                       = true                                      {product} {ergonomic}
     bool UseCompressedClassPointers               = true                                 {lp64_product} {ergonomic}
     bool UseCompressedOops                        = true                                 {lp64_product} {ergonomic}
     bool UseG1GC                                  = true                                      {product} {ergonomic}
     bool UseLargePagesIndividualAllocation        = false                                  {pd product} {ergonomic}

Logging:
Log output configuration:
 #0: stdout all=warning uptime,level,tags
 #1: stderr all=off uptime,level,tags

Environment Variables:
PATH=C:\Python39\Scripts\;C:\Python39\;C:\windows;C:\windows\system32;C:\windows\System32\Wbem;C:\windows\System32\WindowsPowerShell\v1.0;C:\Windows;C:\Windows\system32;C:\Windows\System32\Wbem;C:\Windows\System32\WindowsPowerShell\v1.0;C:\windows\System32\WindowsPowerShell\v1.0\;C:\windows\System32\OpenSSH\;C:\Program Files\Git\cmd;C:\Users\a00559778\AppData\Local\Android\Sdk\platform-tools;C:\ProgramData\chocolatey\bin;C:\Users\a84203565\AppData\Local\Microsoft\WindowsApps;;C:\Program Files\Huawei\DevEco Studio 3.0.1.751\bin;
USERNAME=a84203565
OS=Windows_NT
PROCESSOR_IDENTIFIER=Intel64 Family 6 Model 142 Stepping 12, GenuineIntel



---------------  S Y S T E M  ---------------

OS: Windows 10 , 64 bit Build 18362 (10.0.18362.1110)
OS uptime: 6 days 17:09 hours

CPU:total 8 (initial active 8) (4 cores per cpu, 2 threads per core) family 6 model 142 stepping 12 microcode 0xb8, cmov, cx8, fxsr, mmx, sse, sse2, sse3, ssse3, sse4.1, sse4.2, popcnt, avx, avx2, aes, clmul, erms, 3dnowpref, lzcnt, ht, tsc, tscinvbit, bmi1, bmi2, adx, fma

Memory: 4k page, system-wide physical 16156M (1721M free)
TotalPageFile size 16156M (AvailPageFile size 13M)
current process WorkingSet (physical memory assigned to process): 193M, peak: 202M
current process commit charge ("private bytes"): 419M, peak: 428M

vm_info: OpenJDK 64-Bit Server VM (11.0.10+0-b96-7249189) for windows-amd64 JRE (11.0.10+0-b96-7249189), built on Mar 31 2021 21:44:00 by "builder" with MS VC++ 14.0 (VS2015)

END.
